build/outputs/logs/manifest-merger-debug-report.txt
-- Merging decision tree log ---
manifest
ADDED from HK_DDXDQ\AndroidManifest.xml:2:1-118:12
INJECTED from HK_DDXDQ\AndroidManifest.xml:2:1-118:12
INJECTED from HK_DDXDQ\AndroidManifest.xml:2:1-118:12
INJECTED from HK_DDXDQ\AndroidManifest.xml:2:1-118:12
MERGED from [com.android.support:support-v4:27.0.2] AndroidManifest.xml:17:1-22:12
MERGED from [com.android.support:support-media-compat:27.0.2] AndroidManifest.xml:17:1-22:12
MERGED from [com.android.support:support-fragment:27.0.2] AndroidManifest.xml:17:1-22:12
MERGED from [com.android.support:support-core-utils:27.0.2] AndroidManifest.xml:17:1-22:12
MERGED from [com.android.support:support-core-ui:27.0.2] AndroidManifest.xml:17:1-22:12
MERGED from [com.android.support:support-compat:27.0.2] AndroidManifest.xml:17:1-22:12
MERGED from [android.arch.lifecycle:runtime:1.0.3] AndroidManifest.xml:17:1-24:12
INJECTED from HK_DDXDQ\AndroidManifest.xml:2:1-118:12
INJECTED from HK_DDXDQ\AndroidManifest.xml:2:1-118:12
INJECTED from HK_DDXDQ\AndroidManifest.xml:2:1-118:12
	package
		ADDED from HK_DDXDQ\AndroidManifest.xml:3:5-25
		INJECTED from HK_DDXDQ\AndroidManifest.xml
		INJECTED from HK_DDXDQ\AndroidManifest.xml
	android:versionName
		INJECTED from HK_DDXDQ\AndroidManifest.xml
		ADDED from HK_DDXDQ\AndroidManifest.xml:2:1-118:12
		INJECTED from HK_DDXDQ\AndroidManifest.xml
	android:versionCode
		INJECTED from HK_DDXDQ\AndroidManifest.xml
		ADDED from HK_DDXDQ\AndroidManifest.xml:2:1-118:12
		INJECTED from HK_DDXDQ\AndroidManifest.xml
	xmlns:android
		ADDED from HK_DDXDQ\AndroidManifest.xml:2:11-69
uses-permission#android.permission.READ_PHONE_STATE
ADDED from HK_DDXDQ\AndroidManifest.xml:5:5-75
	android:name
		ADDED from HK_DDXDQ\AndroidManifest.xml:5:22-72
uses-permission#android.permission.BLUETOOTH
ADDED from HK_DDXDQ\AndroidManifest.xml:6:5-68
	android:name
		ADDED from HK_DDXDQ\AndroidManifest.xml:6:22-65
uses-permission#android.permission.BLUETOOTH_ADMIN
ADDED from HK_DDXDQ\AndroidManifest.xml:7:5-74
	android:name
		ADDED from HK_DDXDQ\AndroidManifest.xml:7:22-71
uses-permission#android.permission.ACCESS_WIFI_STATE
ADDED from HK_DDXDQ\AndroidManifest.xml:8:5-76
	android:name
		ADDED from HK_DDXDQ\AndroidManifest.xml:8:22-73
uses-permission#android.permission.CHANGE_WIFI_STATE
ADDED from HK_DDXDQ\AndroidManifest.xml:9:5-76
	android:name
		ADDED from HK_DDXDQ\AndroidManifest.xml:9:22-73
uses-permission#android.permission.WRITE_EXTERNAL_STORAGE
ADDED from HK_DDXDQ\AndroidManifest.xml:10:5-81
	android:name
		ADDED from HK_DDXDQ\AndroidManifest.xml:10:22-78
uses-permission#android.permission.READ_EXTERNAL_STORAGE
ADDED from HK_DDXDQ\AndroidManifest.xml:11:5-80
	android:name
		ADDED from HK_DDXDQ\AndroidManifest.xml:11:22-77
uses-permission#android.permission.WAKE_LOCK
ADDED from HK_DDXDQ\AndroidManifest.xml:12:5-68
	android:name
		ADDED from HK_DDXDQ\AndroidManifest.xml:12:22-65
application
ADDED from HK_DDXDQ\AndroidManifest.xml:14:5-116:19
	android:label
		ADDED from HK_DDXDQ\AndroidManifest.xml:18:9-41
	android:icon
		ADDED from HK_DDXDQ\AndroidManifest.xml:17:9-39
	android:allowBackup
		ADDED from HK_DDXDQ\AndroidManifest.xml:16:9-35
	android:theme
		ADDED from HK_DDXDQ\AndroidManifest.xml:19:9-68
	android:name
		ADDED from HK_DDXDQ\AndroidManifest.xml:15:9-62
activity#com.hekang.hkcxn.activity.TimeData
ADDED from HK_DDXDQ\AndroidManifest.xml:20:9-30:20
	android:screenOrientation
		ADDED from HK_DDXDQ\AndroidManifest.xml:23:13-49
	android:label
		ADDED from HK_DDXDQ\AndroidManifest.xml:22:13-45
	android:name
		ADDED from HK_DDXDQ\AndroidManifest.xml:21:13-62
intent-filter#android.intent.action.MAIN+android.intent.category.LAUNCHER
ADDED from HK_DDXDQ\AndroidManifest.xml:25:13-29:29
action#android.intent.action.MAIN
ADDED from HK_DDXDQ\AndroidManifest.xml:26:17-69
	android:name
		ADDED from HK_DDXDQ\AndroidManifest.xml:26:25-66
category#android.intent.category.LAUNCHER
ADDED from HK_DDXDQ\AndroidManifest.xml:28:17-77
	android:name
		ADDED from HK_DDXDQ\AndroidManifest.xml:28:27-74
activity#com.hekang.hkcxn.activity.MainActivity
ADDED from HK_DDXDQ\AndroidManifest.xml:31:9-36:20
	android:screenOrientation
		ADDED from HK_DDXDQ\AndroidManifest.xml:35:13-49
	android:label
		ADDED from HK_DDXDQ\AndroidManifest.xml:33:13-45
	android:launchMode
		ADDED from HK_DDXDQ\AndroidManifest.xml:34:13-44
	android:name
		ADDED from HK_DDXDQ\AndroidManifest.xml:32:13-66
activity#com.hekang.hkcxn.activity.DuankouxuanzeActivity
ADDED from HK_DDXDQ\AndroidManifest.xml:38:9-42:84
	android:screenOrientation
		ADDED from HK_DDXDQ\AndroidManifest.xml:40:13-49
	android:launchMode
		ADDED from HK_DDXDQ\AndroidManifest.xml:41:13-44
	android:windowSoftInputMode
		ADDED from HK_DDXDQ\AndroidManifest.xml:42:13-72
	android:name
		ADDED from HK_DDXDQ\AndroidManifest.xml:39:13-75
activity#com.hekang.hkcxn.activity.CexieCeshiActivity
ADDED from HK_DDXDQ\AndroidManifest.xml:43:9-45:61
	android:screenOrientation
		ADDED from HK_DDXDQ\AndroidManifest.xml:45:13-49
	android:name
		ADDED from HK_DDXDQ\AndroidManifest.xml:44:13-72
activity#com.hekang.hkcxn.activity.TanGuanShezhiActivity
ADDED from HK_DDXDQ\AndroidManifest.xml:46:9-50:76
	android:screenOrientation
		ADDED from HK_DDXDQ\AndroidManifest.xml:49:13-49
	android:label
		ADDED from HK_DDXDQ\AndroidManifest.xml:48:13-63
	android:windowSoftInputMode
		ADDED from HK_DDXDQ\AndroidManifest.xml:50:13-64
	android:name
		ADDED from HK_DDXDQ\AndroidManifest.xml:47:13-65
activity#org.achartengine.GraphicalActivity
ADDED from HK_DDXDQ\AndroidManifest.xml:51:9-54:62
	android:screenOrientation
		ADDED from HK_DDXDQ\AndroidManifest.xml:54:13-50
	android:launchMode
		ADDED from HK_DDXDQ\AndroidManifest.xml:53:13-44
	android:name
		ADDED from HK_DDXDQ\AndroidManifest.xml:52:13-62
activity#com.hekang.hkcxn.activity.MyBaseActivity
ADDED from HK_DDXDQ\AndroidManifest.xml:55:9-57:71
	android:label
		ADDED from HK_DDXDQ\AndroidManifest.xml:57:13-59
	android:name
		ADDED from HK_DDXDQ\AndroidManifest.xml:56:13-68
activity#com.hekang.hkcxn.activity.SynchronousStartActivity
ADDED from HK_DDXDQ\AndroidManifest.xml:61:9-63:61
	android:screenOrientation
		ADDED from HK_DDXDQ\AndroidManifest.xml:63:13-49
	android:name
		ADDED from HK_DDXDQ\AndroidManifest.xml:62:13-68
activity#com.hekang.hkcxn.fragmentActivity.EfficientPoint
ADDED from HK_DDXDQ\AndroidManifest.xml:64:9-69:20
	android:screenOrientation
		ADDED from HK_DDXDQ\AndroidManifest.xml:66:13-49
	android:windowSoftInputMode
		ADDED from HK_DDXDQ\AndroidManifest.xml:67:13-64
	android:name
		ADDED from HK_DDXDQ\AndroidManifest.xml:65:13-66
activity#com.hekang.hkcxn.activity.DataReceiveActivity
ADDED from HK_DDXDQ\AndroidManifest.xml:71:9-73:61
	android:screenOrientation
		ADDED from HK_DDXDQ\AndroidManifest.xml:73:13-49
	android:name
		ADDED from HK_DDXDQ\AndroidManifest.xml:72:13-63
activity#com.hekang.hkcxn.activity.QueryDataActivity
ADDED from HK_DDXDQ\AndroidManifest.xml:75:9-77:61
	android:screenOrientation
		ADDED from HK_DDXDQ\AndroidManifest.xml:77:13-49
	android:name
		ADDED from HK_DDXDQ\AndroidManifest.xml:76:13-61
activity#com.hekang.hkcxn.activity.DataQueryListActivity
ADDED from HK_DDXDQ\AndroidManifest.xml:78:9-80:61
	android:screenOrientation
		ADDED from HK_DDXDQ\AndroidManifest.xml:80:13-49
	android:name
		ADDED from HK_DDXDQ\AndroidManifest.xml:79:13-65
activity#com.hekang.hkcxn.multi.helpcexieyi
ADDED from HK_DDXDQ\AndroidManifest.xml:82:9-84:61
	android:screenOrientation
		ADDED from HK_DDXDQ\AndroidManifest.xml:84:13-49
	android:name
		ADDED from HK_DDXDQ\AndroidManifest.xml:83:13-62
activity#com.hekang.hkcxn.multi.helpchangjianwenti
ADDED from HK_DDXDQ\AndroidManifest.xml:85:9-87:61
	android:screenOrientation
		ADDED from HK_DDXDQ\AndroidManifest.xml:87:13-49
	android:name
		ADDED from HK_DDXDQ\AndroidManifest.xml:86:13-69
activity#com.hekang.hkcxn.multi.helplianxiwomen
ADDED from HK_DDXDQ\AndroidManifest.xml:88:9-90:61
	android:screenOrientation
		ADDED from HK_DDXDQ\AndroidManifest.xml:90:13-49
	android:name
		ADDED from HK_DDXDQ\AndroidManifest.xml:89:13-66
activity#com.hekang.hkcxn.multi.helpxuandianqi
ADDED from HK_DDXDQ\AndroidManifest.xml:91:9-93:61
	android:screenOrientation
		ADDED from HK_DDXDQ\AndroidManifest.xml:93:13-49
	android:name
		ADDED from HK_DDXDQ\AndroidManifest.xml:92:13-65
activity#com.hekang.hkcxn.help.SoftwareHelp
ADDED from HK_DDXDQ\AndroidManifest.xml:95:9-97:61
	android:screenOrientation
		ADDED from HK_DDXDQ\AndroidManifest.xml:97:13-49
	android:name
		ADDED from HK_DDXDQ\AndroidManifest.xml:96:13-62
activity#com.hekang.hkcxn.help.SoftwareHelpScroll
ADDED from HK_DDXDQ\AndroidManifest.xml:98:9-100:61
	android:screenOrientation
		ADDED from HK_DDXDQ\AndroidManifest.xml:100:13-49
	android:name
		ADDED from HK_DDXDQ\AndroidManifest.xml:99:13-68
activity#com.hekang.hkcxn.help.SoftwareHelpScroll_2
ADDED from HK_DDXDQ\AndroidManifest.xml:101:9-103:61
	android:screenOrientation
		ADDED from HK_DDXDQ\AndroidManifest.xml:103:13-49
	android:name
		ADDED from HK_DDXDQ\AndroidManifest.xml:102:13-70
activity#com.hekang.hkcxn.help.SoftwareHelpScroll_3
ADDED from HK_DDXDQ\AndroidManifest.xml:104:9-106:61
	android:screenOrientation
		ADDED from HK_DDXDQ\AndroidManifest.xml:106:13-49
	android:name
		ADDED from HK_DDXDQ\AndroidManifest.xml:105:13-70
activity#com.hekang.hkcxn.help.SoftwareHelpScroll_4
ADDED from HK_DDXDQ\AndroidManifest.xml:107:9-109:61
	android:screenOrientation
		ADDED from HK_DDXDQ\AndroidManifest.xml:109:13-49
	android:name
		ADDED from HK_DDXDQ\AndroidManifest.xml:108:13-70
activity#com.hekang.hkcxn.help.SoftwareHelpCXY
ADDED from HK_DDXDQ\AndroidManifest.xml:110:9-112:61
	android:screenOrientation
		ADDED from HK_DDXDQ\AndroidManifest.xml:112:13-49
	android:name
		ADDED from HK_DDXDQ\AndroidManifest.xml:111:13-65
service#com.hekang.hkcxn.BLE.BleService
ADDED from HK_DDXDQ\AndroidManifest.xml:114:9-57
	android:name
		ADDED from HK_DDXDQ\AndroidManifest.xml:114:18-54
service#com.hekang.hkcxn.BLE.MultipleBleService
ADDED from HK_DDXDQ\AndroidManifest.xml:115:9-65
	android:name
		ADDED from HK_DDXDQ\AndroidManifest.xml:115:18-62
uses-sdk
INJECTED from HK_DDXDQ\AndroidManifest.xml reason: use-sdk injection requested
INJECTED from HK_DDXDQ\AndroidManifest.xml
INJECTED from HK_DDXDQ\AndroidManifest.xml
MERGED from [com.android.support:support-v4:27.0.2] AndroidManifest.xml:20:5-44
MERGED from [com.android.support:support-v4:27.0.2] AndroidManifest.xml:20:5-44
MERGED from [com.android.support:support-media-compat:27.0.2] AndroidManifest.xml:20:5-44
MERGED from [com.android.support:support-media-compat:27.0.2] AndroidManifest.xml:20:5-44
MERGED from [com.android.support:support-fragment:27.0.2] AndroidManifest.xml:20:5-44
MERGED from [com.android.support:support-fragment:27.0.2] AndroidManifest.xml:20:5-44
MERGED from [com.android.support:support-core-utils:27.0.2] AndroidManifest.xml:20:5-44
MERGED from [com.android.support:support-core-utils:27.0.2] AndroidManifest.xml:20:5-44
MERGED from [com.android.support:support-core-ui:27.0.2] AndroidManifest.xml:20:5-44
MERGED from [com.android.support:support-core-ui:27.0.2] AndroidManifest.xml:20:5-44
MERGED from [com.android.support:support-compat:27.0.2] AndroidManifest.xml:20:5-44
MERGED from [com.android.support:support-compat:27.0.2] AndroidManifest.xml:20:5-44
MERGED from [android.arch.lifecycle:runtime:1.0.3] AndroidManifest.xml:20:5-22:41
MERGED from [android.arch.lifecycle:runtime:1.0.3] AndroidManifest.xml:20:5-22:41
INJECTED from HK_DDXDQ\AndroidManifest.xml
INJECTED from HK_DDXDQ\AndroidManifest.xml
	android:targetSdkVersion
		INJECTED from HK_DDXDQ\AndroidManifest.xml
		ADDED from HK_DDXDQ\AndroidManifest.xml
		INJECTED from HK_DDXDQ\AndroidManifest.xml
	android:minSdkVersion
		INJECTED from HK_DDXDQ\AndroidManifest.xml
		ADDED from HK_DDXDQ\AndroidManifest.xml
		INJECTED from HK_DDXDQ\AndroidManifest.xml